nohup: ignoring input
# SEattention IncluRCA original data epochs 100
2025-09-11 21:43:42,814 - INFO - [0/100] | train_loss: 1.26989
2025-09-11 21:43:42,870 - INFO - ----------
2025-09-11 21:43:42,870 - INFO - evaluation dataset type: valid
2025-09-11 21:43:42,884 - INFO - rc1     precision | micro: 0.957317; macro: 0.959512; score: [0.99126638 0.92775665]
2025-09-11 21:43:42,884 - INFO - rc1     recall    | micro: 0.957317; macro: 0.957317; score: [0.92276423 0.99186992]
2025-09-11 21:43:42,884 - INFO - rc1     f1        | micro: 0.957317; macro: 0.957266; score: [0.95578947 0.95874263]
2025-09-11 21:43:42,896 - INFO - rc2     precision | micro: 0.813688; macro: 0.825636; score: [0.75081967 0.90045249]
2025-09-11 21:43:42,897 - INFO - rc2     recall    | micro: 0.813688; macro: 0.817993; score: [0.9123506  0.72363636]
2025-09-11 21:43:42,897 - INFO - rc2     f1        | micro: 0.813688; macro: 0.813080; score: [0.82374101 0.80241935]
2025-09-11 21:43:42,909 - INFO - rc3     precision | micro: 0.868421; macro: 0.898119; score: [0.79623824 1.        ]
2025-09-11 21:43:42,909 - INFO - rc3     recall    | micro: 0.868421; macro: 0.864583; score: [1.         0.72916667]
2025-09-11 21:43:42,909 - INFO - rc3     f1        | micro: 0.868421; macro: 0.864968; score: [0.88656195 0.84337349]
2025-09-11 21:43:42,909 - INFO - ----------
2025-09-11 21:43:43,299 - INFO - [1/100] | train_loss: 0.67309
2025-09-11 21:43:43,691 - INFO - [2/100] | train_loss: 0.51817
2025-09-11 21:43:44,080 - INFO - [3/100] | train_loss: 0.44265
2025-09-11 21:43:44,472 - INFO - [4/100] | train_loss: 0.40980
2025-09-11 21:43:44,863 - INFO - [5/100] | train_loss: 0.37291
2025-09-11 21:43:45,254 - INFO - [6/100] | train_loss: 0.35102
2025-09-11 21:43:45,645 - INFO - [7/100] | train_loss: 0.34185
2025-09-11 21:43:46,034 - INFO - [8/100] | train_loss: 0.33151
2025-09-11 21:43:46,425 - INFO - [9/100] | train_loss: 0.32680
2025-09-11 21:43:46,815 - INFO - [10/100] | train_loss: 0.31939
2025-09-11 21:43:46,871 - INFO - ----------
2025-09-11 21:43:46,871 - INFO - evaluation dataset type: valid
2025-09-11 21:43:46,884 - INFO - rc1     precision | micro: 1.000000; macro: 1.000000; score: [1. 1.]
2025-09-11 21:43:46,884 - INFO - rc1     recall    | micro: 1.000000; macro: 1.000000; score: [1. 1.]
2025-09-11 21:43:46,884 - INFO - rc1     f1        | micro: 1.000000; macro: 1.000000; score: [1. 1.]
2025-09-11 21:43:46,897 - INFO - rc2     precision | micro: 0.975285; macro: 0.976122; score: [0.98770492 0.96453901]
2025-09-11 21:43:46,897 - INFO - rc2     recall    | micro: 0.975285; macro: 0.974625; score: [0.96015936 0.98909091]
2025-09-11 21:43:46,897 - INFO - rc2     f1        | micro: 0.975285; macro: 0.975199; score: [0.97373737 0.97666068]
2025-09-11 21:43:46,909 - INFO - rc3     precision | micro: 0.971660; macro: 0.972542; score: [0.95801527 0.98706897]
2025-09-11 21:43:46,909 - INFO - rc3     recall    | micro: 0.971660; macro: 0.971178; score: [0.98818898 0.95416667]
2025-09-11 21:43:46,909 - INFO - rc3     f1        | micro: 0.971660; macro: 0.971604; score: [0.97286822 0.97033898]
2025-09-11 21:43:46,909 - INFO - ----------
2025-09-11 21:43:47,388 - INFO - [11/100] | train_loss: 0.29186
2025-09-11 21:43:47,779 - INFO - [12/100] | train_loss: 0.28997
2025-09-11 21:43:48,171 - INFO - [13/100] | train_loss: 0.27697
2025-09-11 21:43:48,561 - INFO - [14/100] | train_loss: 0.28248
2025-09-11 21:43:48,952 - INFO - [15/100] | train_loss: 0.26044
2025-09-11 21:43:49,345 - INFO - [16/100] | train_loss: 0.25782
2025-09-11 21:43:49,737 - INFO - [17/100] | train_loss: 0.26203
2025-09-11 21:43:50,127 - INFO - [18/100] | train_loss: 0.24685
2025-09-11 21:43:50,518 - INFO - [19/100] | train_loss: 0.24948
2025-09-11 21:43:50,909 - INFO - [20/100] | train_loss: 0.25103
2025-09-11 21:43:50,965 - INFO - ----------
2025-09-11 21:43:50,965 - INFO - evaluation dataset type: valid
2025-09-11 21:43:50,978 - INFO - rc1     precision | micro: 1.000000; macro: 1.000000; score: [1. 1.]
2025-09-11 21:43:50,978 - INFO - rc1     recall    | micro: 1.000000; macro: 1.000000; score: [1. 1.]
2025-09-11 21:43:50,979 - INFO - rc1     f1        | micro: 1.000000; macro: 1.000000; score: [1. 1.]
2025-09-11 21:43:50,991 - INFO - rc2     precision | micro: 0.979087; macro: 0.979944; score: [0.99180328 0.96808511]
2025-09-11 21:43:50,991 - INFO - rc2     recall    | micro: 0.979087; macro: 0.978435; score: [0.96414343 0.99272727]
2025-09-11 21:43:50,991 - INFO - rc2     f1        | micro: 0.979087; macro: 0.979015; score: [0.97777778 0.98025135]
2025-09-11 21:43:51,003 - INFO - rc3     precision | micro: 0.981781; macro: 0.981998; score: [0.9766537  0.98734177]
2025-09-11 21:43:51,003 - INFO - rc3     recall    | micro: 0.981781; macro: 0.981594; score: [0.98818898 0.975     ]
2025-09-11 21:43:51,004 - INFO - rc3     f1        | micro: 0.981781; macro: 0.981760; score: [0.98238748 0.98113208]
2025-09-11 21:43:51,004 - INFO - ----------
2025-09-11 21:43:51,394 - INFO - [21/100] | train_loss: 0.24741
2025-09-11 21:43:51,784 - INFO - [22/100] | train_loss: 0.24731
2025-09-11 21:43:52,176 - INFO - [23/100] | train_loss: 0.23296
2025-09-11 21:43:52,570 - INFO - [24/100] | train_loss: 0.22907
2025-09-11 21:43:52,963 - INFO - [25/100] | train_loss: 0.22496
2025-09-11 21:43:53,354 - INFO - [26/100] | train_loss: 0.23560
2025-09-11 21:43:53,746 - INFO - [27/100] | train_loss: 0.23044
2025-09-11 21:43:54,140 - INFO - [28/100] | train_loss: 0.22335
2025-09-11 21:43:54,532 - INFO - [29/100] | train_loss: 0.22022
2025-09-11 21:43:54,923 - INFO - [30/100] | train_loss: 0.22587
2025-09-11 21:43:54,979 - INFO - ----------
2025-09-11 21:43:54,980 - INFO - evaluation dataset type: valid
2025-09-11 21:43:54,992 - INFO - rc1     precision | micro: 1.000000; macro: 1.000000; score: [1. 1.]
2025-09-11 21:43:54,993 - INFO - rc1     recall    | micro: 1.000000; macro: 1.000000; score: [1. 1.]
2025-09-11 21:43:54,993 - INFO - rc1     f1        | micro: 1.000000; macro: 1.000000; score: [1. 1.]
2025-09-11 21:43:55,005 - INFO - rc2     precision | micro: 0.984791; macro: 0.985504; score: [0.99591837 0.97508897]
2025-09-11 21:43:55,005 - INFO - rc2     recall    | micro: 0.984791; macro: 0.984238; score: [0.97211155 0.99636364]
2025-09-11 21:43:55,005 - INFO - rc2     f1        | micro: 0.984791; macro: 0.984741; score: [0.98387097 0.98561151]
2025-09-11 21:43:55,017 - INFO - rc3     precision | micro: 0.987854; macro: 0.987844; score: [0.98818898 0.9875    ]
2025-09-11 21:43:55,017 - INFO - rc3     recall    | micro: 0.987854; macro: 0.987844; score: [0.98818898 0.9875    ]
2025-09-11 21:43:55,017 - INFO - rc3     f1        | micro: 0.987854; macro: 0.987844; score: [0.98818898 0.9875    ]
2025-09-11 21:43:55,017 - INFO - ----------
2025-09-11 21:43:55,408 - INFO - [31/100] | train_loss: 0.20935
2025-09-11 21:43:55,799 - INFO - [32/100] | train_loss: 0.21880
2025-09-11 21:43:56,191 - INFO - [33/100] | train_loss: 0.22035
2025-09-11 21:43:56,583 - INFO - [34/100] | train_loss: 0.23482
2025-09-11 21:43:57,061 - INFO - [35/100] | train_loss: 0.24032
2025-09-11 21:43:57,453 - INFO - [36/100] | train_loss: 0.22628
2025-09-11 21:43:57,844 - INFO - [37/100] | train_loss: 0.22245
2025-09-11 21:43:58,237 - INFO - [38/100] | train_loss: 0.20690
2025-09-11 21:43:58,628 - INFO - [39/100] | train_loss: 0.22161
2025-09-11 21:43:59,020 - INFO - [40/100] | train_loss: 0.20728
2025-09-11 21:43:59,081 - INFO - ----------
2025-09-11 21:43:59,081 - INFO - evaluation dataset type: valid
2025-09-11 21:43:59,094 - INFO - rc1     precision | micro: 0.997967; macro: 0.997976; score: [1.         0.99595142]
2025-09-11 21:43:59,094 - INFO - rc1     recall    | micro: 0.997967; macro: 0.997967; score: [0.99593496 1.        ]
2025-09-11 21:43:59,094 - INFO - rc1     f1        | micro: 0.997967; macro: 0.997967; score: [0.99796334 0.9979716 ]
2025-09-11 21:43:59,106 - INFO - rc2     precision | micro: 0.977186; macro: 0.977324; score: [0.97991968 0.97472924]
2025-09-11 21:43:59,106 - INFO - rc2     recall    | micro: 0.977186; macro: 0.976965; score: [0.97211155 0.98181818]
2025-09-11 21:43:59,106 - INFO - rc2     f1        | micro: 0.977186; macro: 0.977130; score: [0.976      0.97826087]
2025-09-11 21:43:59,118 - INFO - rc3     precision | micro: 0.985830; macro: 0.985881; score: [0.98431373 0.9874477 ]
2025-09-11 21:43:59,119 - INFO - rc3     recall    | micro: 0.985830; macro: 0.985761; score: [0.98818898 0.98333333]
2025-09-11 21:43:59,119 - INFO - rc3     f1        | micro: 0.985830; macro: 0.985817; score: [0.98624754 0.98538622]
2025-09-11 21:43:59,119 - INFO - ----------
2025-09-11 21:43:59,513 - INFO - [41/100] | train_loss: 0.20111
2025-09-11 21:43:59,905 - INFO - [42/100] | train_loss: 0.20137
2025-09-11 21:44:00,298 - INFO - [43/100] | train_loss: 0.20780
2025-09-11 21:44:00,692 - INFO - [44/100] | train_loss: 0.20508
2025-09-11 21:44:01,083 - INFO - [45/100] | train_loss: 0.21000
2025-09-11 21:44:01,476 - INFO - [46/100] | train_loss: 0.19262
2025-09-11 21:44:01,868 - INFO - [47/100] | train_loss: 0.18935
2025-09-11 21:44:02,259 - INFO - [48/100] | train_loss: 0.17905
2025-09-11 21:44:02,652 - INFO - [49/100] | train_loss: 0.19514
2025-09-11 21:44:03,042 - INFO - [50/100] | train_loss: 0.17721
2025-09-11 21:44:03,099 - INFO - ----------
2025-09-11 21:44:03,099 - INFO - evaluation dataset type: valid
2025-09-11 21:44:03,112 - INFO - rc1     precision | micro: 1.000000; macro: 1.000000; score: [1. 1.]
2025-09-11 21:44:03,112 - INFO - rc1     recall    | micro: 1.000000; macro: 1.000000; score: [1. 1.]
2025-09-11 21:44:03,112 - INFO - rc1     f1        | micro: 1.000000; macro: 1.000000; score: [1. 1.]
2025-09-11 21:44:03,124 - INFO - rc2     precision | micro: 0.984791; macro: 0.985504; score: [0.99591837 0.97508897]
2025-09-11 21:44:03,124 - INFO - rc2     recall    | micro: 0.984791; macro: 0.984238; score: [0.97211155 0.99636364]
2025-09-11 21:44:03,125 - INFO - rc2     f1        | micro: 0.984791; macro: 0.984741; score: [0.98387097 0.98561151]
2025-09-11 21:44:03,136 - INFO - rc3     precision | micro: 0.991903; macro: 0.992040; score: [0.98828125 0.99579832]
2025-09-11 21:44:03,137 - INFO - rc3     recall    | micro: 0.991903; macro: 0.991781; score: [0.99606299 0.9875    ]
2025-09-11 21:44:03,137 - INFO - rc3     f1        | micro: 0.991903; macro: 0.991894; score: [0.99215686 0.9916318 ]
2025-09-11 21:44:03,137 - INFO - ----------
2025-09-11 21:44:03,527 - INFO - [51/100] | train_loss: 0.17956
2025-09-11 21:44:03,919 - INFO - [52/100] | train_loss: 0.18945
2025-09-11 21:44:04,310 - INFO - [53/100] | train_loss: 0.17700
2025-09-11 21:44:04,702 - INFO - [54/100] | train_loss: 0.18654
2025-09-11 21:44:05,094 - INFO - [55/100] | train_loss: 0.16630
2025-09-11 21:44:05,486 - INFO - [56/100] | train_loss: 0.16598
2025-09-11 21:44:05,877 - INFO - [57/100] | train_loss: 0.18726
2025-09-11 21:44:06,268 - INFO - [58/100] | train_loss: 0.17391
2025-09-11 21:44:06,660 - INFO - [59/100] | train_loss: 0.17566
2025-09-11 21:44:07,143 - INFO - [60/100] | train_loss: 0.18356
2025-09-11 21:44:07,199 - INFO - ----------
2025-09-11 21:44:07,199 - INFO - evaluation dataset type: valid
2025-09-11 21:44:07,212 - INFO - rc1     precision | micro: 1.000000; macro: 1.000000; score: [1. 1.]
2025-09-11 21:44:07,212 - INFO - rc1     recall    | micro: 1.000000; macro: 1.000000; score: [1. 1.]
2025-09-11 21:44:07,212 - INFO - rc1     f1        | micro: 1.000000; macro: 1.000000; score: [1. 1.]
2025-09-11 21:44:07,225 - INFO - rc2     precision | micro: 0.986692; macro: 0.987589; score: [1.        0.9751773]
2025-09-11 21:44:07,225 - INFO - rc2     recall    | micro: 0.986692; macro: 0.986056; score: [0.97211155 1.        ]
2025-09-11 21:44:07,225 - INFO - rc2     f1        | micro: 0.986692; macro: 0.986646; score: [0.98585859 0.98743268]
2025-09-11 21:44:07,237 - INFO - rc3     precision | micro: 0.993927; macro: 0.994163; score: [0.98832685 1.        ]
2025-09-11 21:44:07,237 - INFO - rc3     recall    | micro: 0.993927; macro: 0.993750; score: [1.     0.9875]
2025-09-11 21:44:07,237 - INFO - rc3     f1        | micro: 0.993927; macro: 0.993920; score: [0.99412916 0.99371069]
2025-09-11 21:44:07,237 - INFO - ----------
2025-09-11 21:44:07,630 - INFO - [61/100] | train_loss: 0.18708
2025-09-11 21:44:08,021 - INFO - [62/100] | train_loss: 0.16870
2025-09-11 21:44:08,411 - INFO - [63/100] | train_loss: 0.18144
2025-09-11 21:44:08,802 - INFO - [64/100] | train_loss: 0.18380
2025-09-11 21:44:09,192 - INFO - [65/100] | train_loss: 0.18025
2025-09-11 21:44:09,582 - INFO - [66/100] | train_loss: 0.17556
2025-09-11 21:44:09,973 - INFO - [67/100] | train_loss: 0.16790
2025-09-11 21:44:10,364 - INFO - [68/100] | train_loss: 0.14782
2025-09-11 21:44:10,754 - INFO - [69/100] | train_loss: 0.17171
2025-09-11 21:44:11,144 - INFO - [70/100] | train_loss: 0.16254
2025-09-11 21:44:11,200 - INFO - ----------
2025-09-11 21:44:11,201 - INFO - evaluation dataset type: valid
2025-09-11 21:44:11,213 - INFO - rc1     precision | micro: 1.000000; macro: 1.000000; score: [1. 1.]
2025-09-11 21:44:11,213 - INFO - rc1     recall    | micro: 1.000000; macro: 1.000000; score: [1. 1.]
2025-09-11 21:44:11,213 - INFO - rc1     f1        | micro: 1.000000; macro: 1.000000; score: [1. 1.]
2025-09-11 21:44:11,226 - INFO - rc2     precision | micro: 0.980989; macro: 0.981683; score: [0.99183673 0.97153025]
2025-09-11 21:44:11,226 - INFO - rc2     recall    | micro: 0.980989; macro: 0.980427; score: [0.96812749 0.99272727]
2025-09-11 21:44:11,226 - INFO - rc2     f1        | micro: 0.980989; macro: 0.980927; score: [0.97983871 0.98201439]
2025-09-11 21:44:11,238 - INFO - rc3     precision | micro: 0.993927; macro: 0.994163; score: [0.98832685 1.        ]
2025-09-11 21:44:11,238 - INFO - rc3     recall    | micro: 0.993927; macro: 0.993750; score: [1.     0.9875]
2025-09-11 21:44:11,238 - INFO - rc3     f1        | micro: 0.993927; macro: 0.993920; score: [0.99412916 0.99371069]
2025-09-11 21:44:11,238 - INFO - ----------
2025-09-11 21:44:11,628 - INFO - [71/100] | train_loss: 0.18062
2025-09-11 21:44:12,020 - INFO - [72/100] | train_loss: 0.17358
2025-09-11 21:44:12,410 - INFO - [73/100] | train_loss: 0.16776
2025-09-11 21:44:12,802 - INFO - [74/100] | train_loss: 0.16992
2025-09-11 21:44:13,194 - INFO - [75/100] | train_loss: 0.17212
2025-09-11 21:44:13,584 - INFO - [76/100] | train_loss: 0.16868
2025-09-11 21:44:13,974 - INFO - [77/100] | train_loss: 0.18300
2025-09-11 21:44:14,367 - INFO - [78/100] | train_loss: 0.17517
2025-09-11 21:44:14,763 - INFO - [79/100] | train_loss: 0.16963
2025-09-11 21:44:15,154 - INFO - [80/100] | train_loss: 0.15931
2025-09-11 21:44:15,210 - INFO - ----------
2025-09-11 21:44:15,210 - INFO - evaluation dataset type: valid
2025-09-11 21:44:15,223 - INFO - rc1     precision | micro: 1.000000; macro: 1.000000; score: [1. 1.]
2025-09-11 21:44:15,223 - INFO - rc1     recall    | micro: 1.000000; macro: 1.000000; score: [1. 1.]
2025-09-11 21:44:15,223 - INFO - rc1     f1        | micro: 1.000000; macro: 1.000000; score: [1. 1.]
2025-09-11 21:44:15,236 - INFO - rc2     precision | micro: 0.982890; macro: 0.984155; score: [1.         0.96830986]
2025-09-11 21:44:15,236 - INFO - rc2     recall    | micro: 0.982890; macro: 0.982072; score: [0.96414343 1.        ]
2025-09-11 21:44:15,237 - INFO - rc2     f1        | micro: 0.982890; macro: 0.982822; score: [0.98174442 0.98389982]
2025-09-11 21:44:15,248 - INFO - rc3     precision | micro: 0.991903; macro: 0.992040; score: [0.98828125 0.99579832]
2025-09-11 21:44:15,248 - INFO - rc3     recall    | micro: 0.991903; macro: 0.991781; score: [0.99606299 0.9875    ]
2025-09-11 21:44:15,249 - INFO - rc3     f1        | micro: 0.991903; macro: 0.991894; score: [0.99215686 0.9916318 ]
2025-09-11 21:44:15,249 - INFO - ----------
2025-09-11 21:44:15,640 - INFO - [81/100] | train_loss: 0.17237
2025-09-11 21:44:16,033 - INFO - [82/100] | train_loss: 0.16737
2025-09-11 21:44:16,427 - INFO - [83/100] | train_loss: 0.16108
2025-09-11 21:44:16,818 - INFO - [84/100] | train_loss: 0.16599
2025-09-11 21:44:17,288 - INFO - [85/100] | train_loss: 0.17337
2025-09-11 21:44:17,678 - INFO - [86/100] | train_loss: 0.17001
2025-09-11 21:44:18,068 - INFO - [87/100] | train_loss: 0.17819
2025-09-11 21:44:18,458 - INFO - [88/100] | train_loss: 0.16106
2025-09-11 21:44:18,848 - INFO - [89/100] | train_loss: 0.17259
2025-09-11 21:44:19,240 - INFO - [90/100] | train_loss: 0.17156
2025-09-11 21:44:19,296 - INFO - ----------
2025-09-11 21:44:19,297 - INFO - evaluation dataset type: valid
2025-09-11 21:44:19,309 - INFO - rc1     precision | micro: 1.000000; macro: 1.000000; score: [1. 1.]
2025-09-11 21:44:19,309 - INFO - rc1     recall    | micro: 1.000000; macro: 1.000000; score: [1. 1.]
2025-09-11 21:44:19,310 - INFO - rc1     f1        | micro: 1.000000; macro: 1.000000; score: [1. 1.]
2025-09-11 21:44:19,322 - INFO - rc2     precision | micro: 0.982890; macro: 0.983435; score: [0.99186992 0.975     ]
2025-09-11 21:44:19,322 - INFO - rc2     recall    | micro: 0.982890; macro: 0.982419; score: [0.97211155 0.99272727]
2025-09-11 21:44:19,322 - INFO - rc2     f1        | micro: 0.982890; macro: 0.982838; score: [0.98189135 0.98378378]
2025-09-11 21:44:19,334 - INFO - rc3     precision | micro: 0.989879; macro: 0.989823; score: [0.99209486 0.98755187]
2025-09-11 21:44:19,334 - INFO - rc3     recall    | micro: 0.989879; macro: 0.989928; score: [0.98818898 0.99166667]
2025-09-11 21:44:19,334 - INFO - rc3     f1        | micro: 0.989879; macro: 0.989872; score: [0.99013807 0.98960499]
2025-09-11 21:44:19,334 - INFO - ----------
2025-09-11 21:44:19,725 - INFO - [91/100] | train_loss: 0.17092
2025-09-11 21:44:20,125 - INFO - [92/100] | train_loss: 0.15598
2025-09-11 21:44:20,527 - INFO - [93/100] | train_loss: 0.16970
2025-09-11 21:44:20,931 - INFO - [94/100] | train_loss: 0.16713
2025-09-11 21:44:21,327 - INFO - [95/100] | train_loss: 0.15001
2025-09-11 21:44:21,724 - INFO - [96/100] | train_loss: 0.16422
2025-09-11 21:44:22,121 - INFO - [97/100] | train_loss: 0.16919
2025-09-11 21:44:22,517 - INFO - [98/100] | train_loss: 0.16111
2025-09-11 21:44:22,914 - INFO - [99/100] | train_loss: 0.17614
2025-09-11 21:44:24,353 - INFO - ----------
2025-09-11 21:44:24,353 - INFO - evaluation dataset type: test
2025-09-11 21:44:24,379 - INFO - precision | micro: 0.927438; macro: 0.918399; score: [0.94535519 0.88617886 0.92366412]
2025-09-11 21:44:24,379 - INFO - recall    | micro: 0.956725; macro: 0.952750; score: [0.95316804 0.93965517 0.96542553]
2025-09-11 21:44:24,379 - INFO - f1        | micro: 0.941854; macro: 0.935154; score: [0.94924554 0.91213389 0.94408322]
2025-09-11 21:44:24,379 - INFO - ----------
----GATNet----
GAT_name1:  GATv2Conv
GAT_name2:  GATConv
activ_fun1:  relu6
activ_fun2:  relu6
nohup: ignoring input


nohup: ignoring input
# transformer HolisticRCA original data epochs 100
2025-09-11 21:47:08,086 - INFO - [0/100] | train_loss: 1.52326
2025-09-11 21:47:08,152 - INFO - ----------
2025-09-11 21:47:08,152 - INFO - evaluation dataset type: valid
2025-09-11 21:47:08,165 - INFO - rc1     precision | micro: 0.932927; macro: 0.940860; score: [1.         0.88172043]
2025-09-11 21:47:08,165 - INFO - rc1     recall    | micro: 0.932927; macro: 0.932927; score: [0.86585366 1.        ]
2025-09-11 21:47:08,165 - INFO - rc1     f1        | micro: 0.932927; macro: 0.932624; score: [0.92810458 0.93714286]
2025-09-11 21:47:08,178 - INFO - rc2     precision | micro: 0.730038; macro: 0.798090; score: [0.64379947 0.95238095]
2025-09-11 21:47:08,178 - INFO - rc2     recall    | micro: 0.730038; macro: 0.740601; score: [0.97211155 0.50909091]
2025-09-11 21:47:08,178 - INFO - rc2     f1        | micro: 0.730038; macro: 0.719055; score: [0.77460317 0.66350711]
2025-09-11 21:47:08,190 - INFO - rc3     precision | micro: 0.734818; macro: 0.829870; score: [0.65974026 1.        ]
2025-09-11 21:47:08,190 - INFO - rc3     recall    | micro: 0.734818; macro: 0.727083; score: [1.         0.45416667]
2025-09-11 21:47:08,190 - INFO - rc3     f1        | micro: 0.734818; macro: 0.709817; score: [0.79499218 0.62464183]
2025-09-11 21:47:08,190 - INFO - ----------
2025-09-11 21:47:08,703 - INFO - [1/100] | train_loss: 1.05671
2025-09-11 21:47:09,216 - INFO - [2/100] | train_loss: 0.90698
2025-09-11 21:47:09,727 - INFO - [3/100] | train_loss: 0.86542
2025-09-11 21:47:10,235 - INFO - [4/100] | train_loss: 0.83997
2025-09-11 21:47:10,748 - INFO - [5/100] | train_loss: 0.80582
2025-09-11 21:47:11,259 - INFO - [6/100] | train_loss: 0.78416
2025-09-11 21:47:11,770 - INFO - [7/100] | train_loss: 0.75904
2025-09-11 21:47:12,283 - INFO - [8/100] | train_loss: 0.76917
2025-09-11 21:47:12,977 - INFO - [9/100] | train_loss: 0.75420
2025-09-11 21:47:13,521 - INFO - [10/100] | train_loss: 0.74730
2025-09-11 21:47:13,589 - INFO - ----------
2025-09-11 21:47:13,590 - INFO - evaluation dataset type: valid
2025-09-11 21:47:13,603 - INFO - rc1     precision | micro: 0.997967; macro: 0.997976; score: [1.         0.99595142]
2025-09-11 21:47:13,603 - INFO - rc1     recall    | micro: 0.997967; macro: 0.997967; score: [0.99593496 1.        ]
2025-09-11 21:47:13,603 - INFO - rc1     f1        | micro: 0.997967; macro: 0.997967; score: [0.99796334 0.9979716 ]
2025-09-11 21:47:13,615 - INFO - rc2     precision | micro: 0.950570; macro: 0.950423; score: [0.93103448 0.96981132]
2025-09-11 21:47:13,615 - INFO - rc2     recall    | micro: 0.950570; macro: 0.951336; score: [0.96812749 0.93454545]
2025-09-11 21:47:13,615 - INFO - rc2     f1        | micro: 0.950570; macro: 0.950535; score: [0.94921875 0.95185185]
2025-09-11 21:47:13,627 - INFO - rc3     precision | micro: 0.955466; macro: 0.958118; score: [0.92962963 0.98660714]
2025-09-11 21:47:13,627 - INFO - rc3     recall    | micro: 0.955466; macro: 0.954511; score: [0.98818898 0.92083333]
2025-09-11 21:47:13,627 - INFO - rc3     f1        | micro: 0.955466; macro: 0.955301; score: [0.95801527 0.95258621]
2025-09-11 21:47:13,627 - INFO - ----------
2025-09-11 21:47:14,172 - INFO - [11/100] | train_loss: 0.74330
2025-09-11 21:47:14,726 - INFO - [12/100] | train_loss: 0.72731
2025-09-11 21:47:15,268 - INFO - [13/100] | train_loss: 0.73658
2025-09-11 21:47:15,823 - INFO - [14/100] | train_loss: 0.72898
2025-09-11 21:47:16,369 - INFO - [15/100] | train_loss: 0.75630
2025-09-11 21:47:16,921 - INFO - [16/100] | train_loss: 0.75241
2025-09-11 21:47:17,468 - INFO - [17/100] | train_loss: 0.71540
2025-09-11 21:47:18,022 - INFO - [18/100] | train_loss: 0.70751
2025-09-11 21:47:18,558 - INFO - [19/100] | train_loss: 0.68377
2025-09-11 21:47:19,097 - INFO - [20/100] | train_loss: 0.70608
2025-09-11 21:47:19,168 - INFO - ----------
2025-09-11 21:47:19,168 - INFO - evaluation dataset type: valid
2025-09-11 21:47:19,182 - INFO - rc1     precision | micro: 0.997967; macro: 0.997976; score: [1.         0.99595142]
2025-09-11 21:47:19,182 - INFO - rc1     recall    | micro: 0.997967; macro: 0.997967; score: [0.99593496 1.        ]
2025-09-11 21:47:19,182 - INFO - rc1     f1        | micro: 0.997967; macro: 0.997967; score: [0.99796334 0.9979716 ]
2025-09-11 21:47:19,195 - INFO - rc2     precision | micro: 0.969582; macro: 0.969393; score: [0.96442688 0.97435897]
2025-09-11 21:47:19,195 - INFO - rc2     recall    | micro: 0.969582; macro: 0.969692; score: [0.97211155 0.96727273]
2025-09-11 21:47:19,195 - INFO - rc2     f1        | micro: 0.969582; macro: 0.969528; score: [0.96825397 0.97080292]
2025-09-11 21:47:19,207 - INFO - rc3     precision | micro: 0.981781; macro: 0.981828; score: [0.98039216 0.9832636 ]
2025-09-11 21:47:19,207 - INFO - rc3     recall    | micro: 0.981781; macro: 0.981709; score: [0.98425197 0.97916667]
2025-09-11 21:47:19,207 - INFO - rc3     f1        | micro: 0.981781; macro: 0.981765; score: [0.98231827 0.98121086]
2025-09-11 21:47:19,207 - INFO - ----------
2025-09-11 21:47:19,737 - INFO - [21/100] | train_loss: 0.71166
2025-09-11 21:47:20,257 - INFO - [22/100] | train_loss: 0.69002
2025-09-11 21:47:20,780 - INFO - [23/100] | train_loss: 0.69502
2025-09-11 21:47:21,301 - INFO - [24/100] | train_loss: 0.71059
2025-09-11 21:47:21,822 - INFO - [25/100] | train_loss: 0.71667
2025-09-11 21:47:22,344 - INFO - [26/100] | train_loss: 0.70828
2025-09-11 21:47:22,866 - INFO - [27/100] | train_loss: 0.70296
2025-09-11 21:47:23,389 - INFO - [28/100] | train_loss: 0.67549
2025-09-11 21:47:23,907 - INFO - [29/100] | train_loss: 0.70039
2025-09-11 21:47:24,438 - INFO - [30/100] | train_loss: 0.68586
2025-09-11 21:47:24,504 - INFO - ----------
2025-09-11 21:47:24,504 - INFO - evaluation dataset type: valid
2025-09-11 21:47:24,517 - INFO - rc1     precision | micro: 0.997967; macro: 0.997976; score: [1.         0.99595142]
2025-09-11 21:47:24,517 - INFO - rc1     recall    | micro: 0.997967; macro: 0.997967; score: [0.99593496 1.        ]
2025-09-11 21:47:24,517 - INFO - rc1     f1        | micro: 0.997967; macro: 0.997967; score: [0.99796334 0.9979716 ]
2025-09-11 21:47:24,529 - INFO - rc2     precision | micro: 0.973384; macro: 0.973511; score: [0.97590361 0.97111913]
2025-09-11 21:47:24,529 - INFO - rc2     recall    | micro: 0.973384; macro: 0.973155; score: [0.96812749 0.97818182]
2025-09-11 21:47:24,529 - INFO - rc2     f1        | micro: 0.973384; macro: 0.973319; score: [0.972      0.97463768]
2025-09-11 21:47:24,541 - INFO - rc3     precision | micro: 0.977733; macro: 0.978467; score: [0.96551724 0.99141631]
2025-09-11 21:47:24,541 - INFO - rc3     recall    | micro: 0.977733; macro: 0.977313; score: [0.99212598 0.9625    ]
2025-09-11 21:47:24,541 - INFO - rc3     f1        | micro: 0.977733; macro: 0.977692; score: [0.97864078 0.97674419]
2025-09-11 21:47:24,541 - INFO - ----------
2025-09-11 21:47:25,062 - INFO - [31/100] | train_loss: 0.71379
2025-09-11 21:47:25,592 - INFO - [32/100] | train_loss: 0.68548
2025-09-11 21:47:26,228 - INFO - [33/100] | train_loss: 0.67906
2025-09-11 21:47:26,747 - INFO - [34/100] | train_loss: 0.69392
2025-09-11 21:47:27,266 - INFO - [35/100] | train_loss: 0.70179
2025-09-11 21:47:27,788 - INFO - [36/100] | train_loss: 0.69075
2025-09-11 21:47:28,304 - INFO - [37/100] | train_loss: 0.68238
2025-09-11 21:47:28,819 - INFO - [38/100] | train_loss: 0.67312
2025-09-11 21:47:29,338 - INFO - [39/100] | train_loss: 0.69126
2025-09-11 21:47:29,859 - INFO - [40/100] | train_loss: 0.66270
2025-09-11 21:47:29,929 - INFO - ----------
2025-09-11 21:47:29,929 - INFO - evaluation dataset type: valid
2025-09-11 21:47:29,944 - INFO - rc1     precision | micro: 0.997967; macro: 0.997976; score: [1.         0.99595142]
2025-09-11 21:47:29,944 - INFO - rc1     recall    | micro: 0.997967; macro: 0.997967; score: [0.99593496 1.        ]
2025-09-11 21:47:29,944 - INFO - rc1     f1        | micro: 0.997967; macro: 0.997967; score: [0.99796334 0.9979716 ]
2025-09-11 21:47:29,956 - INFO - rc2     precision | micro: 0.847909; macro: 0.875709; score: [0.76146789 0.98994975]
2025-09-11 21:47:29,956 - INFO - rc2     recall    | micro: 0.847909; macro: 0.854198; score: [0.99203187 0.71636364]
2025-09-11 21:47:29,956 - INFO - rc2     f1        | micro: 0.847909; macro: 0.846408; score: [0.8615917  0.83122363]
2025-09-11 21:47:29,968 - INFO - rc3     precision | micro: 0.987854; macro: 0.987986; score: [0.984375   0.99159664]
2025-09-11 21:47:29,968 - INFO - rc3     recall    | micro: 0.987854; macro: 0.987730; score: [0.99212598 0.98333333]
2025-09-11 21:47:29,969 - INFO - rc3     f1        | micro: 0.987854; macro: 0.987841; score: [0.98823529 0.9874477 ]
2025-09-11 21:47:29,969 - INFO - ----------
2025-09-11 21:47:30,493 - INFO - [41/100] | train_loss: 0.70434
2025-09-11 21:47:31,020 - INFO - [42/100] | train_loss: 0.66413
2025-09-11 21:47:31,547 - INFO - [43/100] | train_loss: 0.67577
2025-09-11 21:47:32,063 - INFO - [44/100] | train_loss: 0.69595
2025-09-11 21:47:32,585 - INFO - [45/100] | train_loss: 0.71531
2025-09-11 21:47:33,103 - INFO - [46/100] | train_loss: 0.67335
2025-09-11 21:47:33,619 - INFO - [47/100] | train_loss: 0.66717
2025-09-11 21:47:34,133 - INFO - [48/100] | train_loss: 0.67915
2025-09-11 21:47:34,654 - INFO - [49/100] | train_loss: 0.65831
2025-09-11 21:47:35,167 - INFO - [50/100] | train_loss: 0.69429
2025-09-11 21:47:35,236 - INFO - ----------
2025-09-11 21:47:35,236 - INFO - evaluation dataset type: valid
2025-09-11 21:47:35,249 - INFO - rc1     precision | micro: 1.000000; macro: 1.000000; score: [1. 1.]
2025-09-11 21:47:35,250 - INFO - rc1     recall    | micro: 1.000000; macro: 1.000000; score: [1. 1.]
2025-09-11 21:47:35,250 - INFO - rc1     f1        | micro: 1.000000; macro: 1.000000; score: [1. 1.]
2025-09-11 21:47:35,262 - INFO - rc2     precision | micro: 0.982890; macro: 0.983435; score: [0.99186992 0.975     ]
2025-09-11 21:47:35,262 - INFO - rc2     recall    | micro: 0.982890; macro: 0.982419; score: [0.97211155 0.99272727]
2025-09-11 21:47:35,262 - INFO - rc2     f1        | micro: 0.982890; macro: 0.982838; score: [0.98189135 0.98378378]
2025-09-11 21:47:35,274 - INFO - rc3     precision | micro: 0.985830; macro: 0.985881; score: [0.98431373 0.9874477 ]
2025-09-11 21:47:35,274 - INFO - rc3     recall    | micro: 0.985830; macro: 0.985761; score: [0.98818898 0.98333333]
2025-09-11 21:47:35,274 - INFO - rc3     f1        | micro: 0.985830; macro: 0.985817; score: [0.98624754 0.98538622]
2025-09-11 21:47:35,274 - INFO - ----------
2025-09-11 21:47:35,792 - INFO - [51/100] | train_loss: 0.67331
2025-09-11 21:47:36,316 - INFO - [52/100] | train_loss: 0.64425
2025-09-11 21:47:36,833 - INFO - [53/100] | train_loss: 0.71824
2025-09-11 21:47:37,350 - INFO - [54/100] | train_loss: 0.67231
2025-09-11 21:47:37,871 - INFO - [55/100] | train_loss: 0.66408
2025-09-11 21:47:38,392 - INFO - [56/100] | train_loss: 0.68446
2025-09-11 21:47:38,912 - INFO - [57/100] | train_loss: 0.66061
2025-09-11 21:47:39,432 - INFO - [58/100] | train_loss: 0.67189
2025-09-11 21:47:40,048 - INFO - [59/100] | train_loss: 0.65783
2025-09-11 21:47:40,564 - INFO - [60/100] | train_loss: 0.66408
2025-09-11 21:47:40,632 - INFO - ----------
2025-09-11 21:47:40,632 - INFO - evaluation dataset type: valid
2025-09-11 21:47:40,644 - INFO - rc1     precision | micro: 0.997967; macro: 0.997976; score: [1.         0.99595142]
2025-09-11 21:47:40,645 - INFO - rc1     recall    | micro: 0.997967; macro: 0.997967; score: [0.99593496 1.        ]
2025-09-11 21:47:40,645 - INFO - rc1     f1        | micro: 0.997967; macro: 0.997967; score: [0.99796334 0.9979716 ]
2025-09-11 21:47:40,657 - INFO - rc2     precision | micro: 0.865019; macro: 0.886702; score: [0.78301887 0.99038462]
2025-09-11 21:47:40,657 - INFO - rc2     recall    | micro: 0.865019; macro: 0.870561; score: [0.99203187 0.74909091]
2025-09-11 21:47:40,657 - INFO - rc2     f1        | micro: 0.865019; macro: 0.864111; score: [0.87521968 0.85300207]
2025-09-11 21:47:40,669 - INFO - rc3     precision | micro: 0.987854; macro: 0.987844; score: [0.98818898 0.9875    ]
2025-09-11 21:47:40,669 - INFO - rc3     recall    | micro: 0.987854; macro: 0.987844; score: [0.98818898 0.9875    ]
2025-09-11 21:47:40,669 - INFO - rc3     f1        | micro: 0.987854; macro: 0.987844; score: [0.98818898 0.9875    ]
2025-09-11 21:47:40,669 - INFO - ----------
2025-09-11 21:47:41,189 - INFO - [61/100] | train_loss: 0.67958
2025-09-11 21:47:41,710 - INFO - [62/100] | train_loss: 0.65741
2025-09-11 21:47:42,228 - INFO - [63/100] | train_loss: 0.68291
2025-09-11 21:47:42,750 - INFO - [64/100] | train_loss: 0.67320
2025-09-11 21:47:43,275 - INFO - [65/100] | train_loss: 0.66760
2025-09-11 21:47:43,795 - INFO - [66/100] | train_loss: 0.65774
2025-09-11 21:47:44,316 - INFO - [67/100] | train_loss: 0.66963
2025-09-11 21:47:44,835 - INFO - [68/100] | train_loss: 0.66472
2025-09-11 21:47:45,355 - INFO - [69/100] | train_loss: 0.66311
2025-09-11 21:47:45,873 - INFO - [70/100] | train_loss: 0.68838
2025-09-11 21:47:45,942 - INFO - ----------
2025-09-11 21:47:45,942 - INFO - evaluation dataset type: valid
2025-09-11 21:47:45,955 - INFO - rc1     precision | micro: 0.997967; macro: 0.997976; score: [1.         0.99595142]
2025-09-11 21:47:45,955 - INFO - rc1     recall    | micro: 0.997967; macro: 0.997967; score: [0.99593496 1.        ]
2025-09-11 21:47:45,955 - INFO - rc1     f1        | micro: 0.997967; macro: 0.997967; score: [0.99796334 0.9979716 ]
2025-09-11 21:47:45,968 - INFO - rc2     precision | micro: 0.866920; macro: 0.887960; score: [0.78548896 0.99043062]
2025-09-11 21:47:45,968 - INFO - rc2     recall    | micro: 0.866920; macro: 0.872380; score: [0.99203187 0.75272727]
2025-09-11 21:47:45,968 - INFO - rc2     f1        | micro: 0.866920; macro: 0.866066; score: [0.87676056 0.8553719 ]
2025-09-11 21:47:45,980 - INFO - rc3     precision | micro: 0.987854; macro: 0.987844; score: [0.98818898 0.9875    ]
2025-09-11 21:47:45,980 - INFO - rc3     recall    | micro: 0.987854; macro: 0.987844; score: [0.98818898 0.9875    ]
2025-09-11 21:47:45,981 - INFO - rc3     f1        | micro: 0.987854; macro: 0.987844; score: [0.98818898 0.9875    ]
2025-09-11 21:47:45,981 - INFO - ----------
2025-09-11 21:47:46,499 - INFO - [71/100] | train_loss: 0.66928
2025-09-11 21:47:47,016 - INFO - [72/100] | train_loss: 0.66790
2025-09-11 21:47:47,537 - INFO - [73/100] | train_loss: 0.68531
2025-09-11 21:47:48,052 - INFO - [74/100] | train_loss: 0.67309
2025-09-11 21:47:48,572 - INFO - [75/100] | train_loss: 0.66171
2025-09-11 21:47:49,088 - INFO - [76/100] | train_loss: 0.66717
2025-09-11 21:47:49,592 - INFO - [77/100] | train_loss: 0.64637
2025-09-11 21:47:50,096 - INFO - [78/100] | train_loss: 0.66786
2025-09-11 21:47:50,602 - INFO - [79/100] | train_loss: 0.62775
2025-09-11 21:47:51,105 - INFO - [80/100] | train_loss: 0.66863
2025-09-11 21:47:51,170 - INFO - ----------
2025-09-11 21:47:51,170 - INFO - evaluation dataset type: valid
2025-09-11 21:47:51,182 - INFO - rc1     precision | micro: 0.997967; macro: 0.997976; score: [1.         0.99595142]
2025-09-11 21:47:51,182 - INFO - rc1     recall    | micro: 0.997967; macro: 0.997967; score: [0.99593496 1.        ]
2025-09-11 21:47:51,183 - INFO - rc1     f1        | micro: 0.997967; macro: 0.997967; score: [0.99796334 0.9979716 ]
2025-09-11 21:47:51,195 - INFO - rc2     precision | micro: 0.935361; macro: 0.937816; score: [0.89169675 0.98393574]
2025-09-11 21:47:51,195 - INFO - rc2     recall    | micro: 0.935361; macro: 0.937486; score: [0.98406375 0.89090909]
2025-09-11 21:47:51,195 - INFO - rc2     f1        | micro: 0.935361; macro: 0.935360; score: [0.93560606 0.9351145 ]
2025-09-11 21:47:51,207 - INFO - rc3     precision | micro: 0.983806; macro: 0.984135; score: [0.97674419 0.99152542]
2025-09-11 21:47:51,207 - INFO - rc3     recall    | micro: 0.983806; macro: 0.983563; score: [0.99212598 0.975     ]
2025-09-11 21:47:51,207 - INFO - rc3     f1        | micro: 0.983806; macro: 0.983784; score: [0.984375   0.98319328]
2025-09-11 21:47:51,207 - INFO - ----------
2025-09-11 21:47:51,715 - INFO - [81/100] | train_loss: 0.62763
2025-09-11 21:47:52,225 - INFO - [82/100] | train_loss: 0.67063
2025-09-11 21:47:52,726 - INFO - [83/100] | train_loss: 0.65354
2025-09-11 21:47:53,332 - INFO - [84/100] | train_loss: 0.68232
2025-09-11 21:47:53,840 - INFO - [85/100] | train_loss: 0.68491
2025-09-11 21:47:54,350 - INFO - [86/100] | train_loss: 0.66893
2025-09-11 21:47:54,858 - INFO - [87/100] | train_loss: 0.67475
2025-09-11 21:47:55,361 - INFO - [88/100] | train_loss: 0.66016
2025-09-11 21:47:55,869 - INFO - [89/100] | train_loss: 0.65431
2025-09-11 21:47:56,375 - INFO - [90/100] | train_loss: 0.67912
2025-09-11 21:47:56,445 - INFO - ----------
2025-09-11 21:47:56,445 - INFO - evaluation dataset type: valid
2025-09-11 21:47:56,459 - INFO - rc1     precision | micro: 0.997967; macro: 0.997976; score: [1.         0.99595142]
2025-09-11 21:47:56,459 - INFO - rc1     recall    | micro: 0.997967; macro: 0.997967; score: [0.99593496 1.        ]
2025-09-11 21:47:56,459 - INFO - rc1     f1        | micro: 0.997967; macro: 0.997967; score: [0.99796334 0.9979716 ]
2025-09-11 21:47:56,471 - INFO - rc2     precision | micro: 0.980989; macro: 0.981382; score: [0.98785425 0.97491039]
2025-09-11 21:47:56,471 - INFO - rc2     recall    | micro: 0.980989; macro: 0.980601; score: [0.97211155 0.98909091]
2025-09-11 21:47:56,472 - INFO - rc2     f1        | micro: 0.980989; macro: 0.980935; score: [0.97991968 0.98194946]
2025-09-11 21:47:56,484 - INFO - rc3     precision | micro: 0.985830; macro: 0.985772; score: [0.98814229 0.98340249]
2025-09-11 21:47:56,484 - INFO - rc3     recall    | micro: 0.985830; macro: 0.985876; score: [0.98425197 0.9875    ]
2025-09-11 21:47:56,484 - INFO - rc3     f1        | micro: 0.985830; macro: 0.985820; score: [0.98619329 0.98544699]
2025-09-11 21:47:56,484 - INFO - ----------
2025-09-11 21:47:56,992 - INFO - [91/100] | train_loss: 0.64275
2025-09-11 21:47:57,504 - INFO - [92/100] | train_loss: 0.65568
2025-09-11 21:47:58,007 - INFO - [93/100] | train_loss: 0.64611
2025-09-11 21:47:58,510 - INFO - [94/100] | train_loss: 0.64147
2025-09-11 21:47:59,015 - INFO - [95/100] | train_loss: 0.65252
2025-09-11 21:47:59,528 - INFO - [96/100] | train_loss: 0.64084
2025-09-11 21:48:00,037 - INFO - [97/100] | train_loss: 0.67192
2025-09-11 21:48:00,545 - INFO - [98/100] | train_loss: 0.67149
2025-09-11 21:48:01,053 - INFO - [99/100] | train_loss: 0.66312
2025-09-11 21:48:02,647 - INFO - ----------
2025-09-11 21:48:02,647 - INFO - evaluation dataset type: test
2025-09-11 21:48:02,671 - INFO - precision | micro: 0.919865; macro: 0.918098; score: [0.95316804 0.90756303 0.89356436]
2025-09-11 21:48:02,672 - INFO - recall    | micro: 0.953216; macro: 0.948103; score: [0.95316804 0.93103448 0.96010638]
2025-09-11 21:48:02,672 - INFO - f1        | micro: 0.936244; macro: 0.932653; score: [0.95316804 0.91914894 0.92564103]
2025-09-11 21:48:02,672 - INFO - ----------
----GATNet----
GAT_name1:  GATv2Conv
GAT_name2:  GATv2Conv
activ_fun1:  elu
activ_fun2:  elu
